# JRE version: Java(TM) SE Runtime Environment (8.0_25-b18) (build 1.8.0_25-b18)
# Java VM: Java HotSpot(TM) 64-Bit Server VM (25.25-b02 mixed mode windows-amd64 compressed oops)
Heap:
 PSYoungGen      total 162304K, used 23306K [0x00000000f5580000, 0x0000000100000000, 0x0000000100000000)
  eden space 151040K, 14% used [0x00000000f5580000,0x00000000f6a4aba0,0x00000000fe900000)
  from space 11264K, 17% used [0x00000000fe900000,0x00000000feaf8000,0x00000000ff400000)
  to   space 11264K, 0% used [0x00000000ff500000,0x00000000ff500000,0x0000000100000000)
 ParOldGen       total 59392K, used 32561K [0x00000000e0000000, 0x00000000e3a00000, 0x00000000f5580000)
  object space 59392K, 54% used [0x00000000e0000000,0x00000000e1fcc7b8,0x00000000e3a00000)
 Metaspace       used 36397K, capacity 38926K, committed 39296K, reserved 1083392K
  class space    used 3867K, capacity 4644K, committed 4736K, reserved 1048576K
GC Heap History (10 events):
Event: 24.762 GC heap before
{Heap before GC invocations=13 (full 2):
 PSYoungGen      total 134144K, used 125725K [0x00000000f5580000, 0x00000000fe500000, 0x0000000100000000)
  eden space 121856K, 100% used [0x00000000f5580000,0x00000000fcc80000,0x00000000fcc80000)
  from space 12288K, 31% used [0x00000000fd880000,0x00000000fdc474d0,0x00000000fe480000)
  to   space 12288K, 0% used [0x00000000fcc80000,0x00000000fcc80000,0x00000000fd880000)
 ParOldGen       total 59392K, used 22469K [0x00000000e0000000, 0x00000000e3a00000, 0x00000000f5580000)
  object space 59392K, 37% used [0x00000000e0000000,0x00000000e15f1648,0x00000000e3a00000)
 Metaspace       used 34984K, capacity 37504K, committed 37632K, reserved 1083392K
  class space    used 3776K, capacity 4576K, committed 4608K, reserved 1048576K
Event: 24.790 GC heap after
Heap after GC invocations=13 (full 2):
 PSYoungGen      total 134144K, used 3070K [0x00000000f5580000, 0x00000000fff00000, 0x0000000100000000)
  eden space 121856K, 0% used [0x00000000f5580000,0x00000000f5580000,0x00000000fcc80000)
  from space 12288K, 24% used [0x00000000fcc80000,0x00000000fcf7f890,0x00000000fd880000)
  to   space 11776K, 0% used [0x00000000ff380000,0x00000000ff380000,0x00000000fff00000)
 ParOldGen       total 59392K, used 24594K [0x00000000e0000000, 0x00000000e3a00000, 0x00000000f5580000)
  object space 59392K, 41% used [0x00000000e0000000,0x00000000e18048e8,0x00000000e3a00000)
 Metaspace       used 34984K, capacity 37504K, committed 37632K, reserved 1083392K
  class space    used 3776K, capacity 4576K, committed 4608K, reserved 1048576K
}
Event: 38.006 GC heap before
{Heap before GC invocations=14 (full 2):
 PSYoungGen      total 134144K, used 124926K [0x00000000f5580000, 0x00000000fff00000, 0x0000000100000000)
  eden space 121856K, 100% used [0x00000000f5580000,0x00000000fcc80000,0x00000000fcc80000)
  from space 12288K, 24% used [0x00000000fcc80000,0x00000000fcf7f890,0x00000000fd880000)
  to   space 11776K, 0% used [0x00000000ff380000,0x00000000ff380000,0x00000000fff00000)
 ParOldGen       total 59392K, used 24594K [0x00000000e0000000, 0x00000000e3a00000, 0x00000000f5580000)
  object space 59392K, 41% used [0x00000000e0000000,0x00000000e18048e8,0x00000000e3a00000)
 Metaspace       used 35781K, capacity 38246K, committed 38528K, reserved 1083392K
  class space    used 3835K, capacity 4609K, committed 4736K, reserved 1048576K
Event: 38.011 GC heap after
Heap after GC invocations=14 (full 2):
 PSYoungGen      total 161792K, used 3729K [0x00000000f5580000, 0x00000000fff80000, 0x0000000100000000)
  eden space 150016K, 0% used [0x00000000f5580000,0x00000000f5580000,0x00000000fe800000)
  from space 11776K, 31% used [0x00000000ff380000,0x00000000ff724660,0x00000000fff00000)
  to   space 11776K, 0% used [0x00000000fe800000,0x00000000fe800000,0x00000000ff380000)
 ParOldGen       total 59392K, used 26020K [0x00000000e0000000, 0x00000000e3a00000, 0x00000000f5580000)
  object space 59392K, 43% used [0x00000000e0000000,0x00000000e1969038,0x00000000e3a00000)
 Metaspace       used 35781K, capacity 38246K, committed 38528K, reserved 1083392K
  class space    used 3835K, capacity 4609K, committed 4736K, reserved 1048576K
}
Event: 38.826 GC heap before
{Heap before GC invocations=15 (full 2):
 PSYoungGen      total 161792K, used 153745K [0x00000000f5580000, 0x00000000fff80000, 0x0000000100000000)
  eden space 150016K, 100% used [0x00000000f5580000,0x00000000fe800000,0x00000000fe800000)
  from space 11776K, 31% used [0x00000000ff380000,0x00000000ff724660,0x00000000fff00000)
  to   space 11776K, 0% used [0x00000000fe800000,0x00000000fe800000,0x00000000ff380000)
 ParOldGen       total 59392K, used 26020K [0x00000000e0000000, 0x00000000e3a00000, 0x00000000f5580000)
  object space 59392K, 43% used [0x00000000e0000000,0x00000000e1969038,0x00000000e3a00000)
 Metaspace       used 35920K, capacity 38470K, committed 38784K, reserved 1083392K
  class space    used 3837K, capacity 4641K, committed 4736K, reserved 1048576K
Event: 38.834 GC heap after
Heap after GC invocations=15 (full 2):
 PSYoungGen      total 161792K, used 3531K [0x00000000f5580000, 0x00000000fff00000, 0x0000000100000000)
  eden space 150016K, 0% used [0x00000000f5580000,0x00000000f5580000,0x00000000fe800000)
  from space 11776K, 29% used [0x00000000fe800000,0x00000000feb72f38,0x00000000ff380000)
  to   space 11264K, 0% used [0x00000000ff400000,0x00000000ff400000,0x00000000fff00000)
 ParOldGen       total 59392K, used 28365K [0x00000000e0000000, 0x00000000e3a00000, 0x00000000f5580000)
  object space 59392K, 47% used [0x00000000e0000000,0x00000000e1bb3680,0x00000000e3a00000)
 Metaspace       used 35920K, capacity 38470K, committed 38784K, reserved 1083392K
  class space    used 3837K, capacity 4641K, committed 4736K, reserved 1048576K
}
Event: 39.562 GC heap before
{Heap before GC invocations=16 (full 2):
 PSYoungGen      total 161792K, used 153547K [0x00000000f5580000, 0x00000000fff00000, 0x0000000100000000)
  eden space 150016K, 100% used [0x00000000f5580000,0x00000000fe800000,0x00000000fe800000)
  from space 11776K, 29% used [0x00000000fe800000,0x00000000feb72f38,0x00000000ff380000)
  to   space 11264K, 0% used [0x00000000ff400000,0x00000000ff400000,0x00000000fff00000)
 ParOldGen       total 59392K, used 28365K [0x00000000e0000000, 0x00000000e3a00000, 0x00000000f5580000)
  object space 59392K, 47% used [0x00000000e0000000,0x00000000e1bb3680,0x00000000e3a00000)
 Metaspace       used 35973K, capacity 38470K, committed 38784K, reserved 1083392K
  class space    used 3837K, capacity 4641K, committed 4736K, reserved 1048576K
Event: 39.589 GC heap after
Heap after GC invocations=16 (full 2):
 PSYoungGen      total 162304K, used 2735K [0x00000000f5580000, 0x00000000fff80000, 0x0000000100000000)
  eden space 151040K, 0% used [0x00000000f5580000,0x00000000f5580000,0x00000000fe900000)
  from space 11264K, 24% used [0x00000000ff400000,0x00000000ff6abe70,0x00000000fff00000)
  to   space 11264K, 0% used [0x00000000fe900000,0x00000000fe900000,0x00000000ff400000)
 ParOldGen       total 59392K, used 30826K [0x00000000e0000000, 0x00000000e3a00000, 0x00000000f5580000)
  object space 59392K, 51% used [0x00000000e0000000,0x00000000e1e1a908,0x00000000e3a00000)
 Metaspace       used 35973K, capacity 38470K, committed 38784K, reserved 1083392K
  class space    used 3837K, capacity 4641K, committed 4736K, reserved 1048576K
}
Event: 59.148 GC heap before
{Heap before GC invocations=17 (full 2):
 PSYoungGen      total 162304K, used 153775K [0x00000000f5580000, 0x00000000fff80000, 0x0000000100000000)
  eden space 151040K, 100% used [0x00000000f5580000,0x00000000fe900000,0x00000000fe900000)
  from space 11264K, 24% used [0x00000000ff400000,0x00000000ff6abe70,0x00000000fff00000)
  to   space 11264K, 0% used [0x00000000fe900000,0x00000000fe900000,0x00000000ff400000)
 ParOldGen       total 59392K, used 30826K [0x00000000e0000000, 0x00000000e3a00000, 0x00000000f5580000)
  object space 59392K, 51% used [0x00000000e0000000,0x00000000e1e1a908,0x00000000e3a00000)
 Metaspace       used 36128K, capacity 38668K, committed 39040K, reserved 1083392K
  class space    used 3839K, capacity 4642K, committed 4736K, reserved 1048576K
Event: 59.151 GC heap after
Heap after GC invocations=17 (full 2):
 PSYoungGen      total 162304K, used 2016K [0x00000000f5580000, 0x0000000100000000, 0x0000000100000000)
  eden space 151040K, 0% used [0x00000000f5580000,0x00000000f5580000,0x00000000fe900000)
  from space 11264K, 17% used [0x00000000fe900000,0x00000000feaf8000,0x00000000ff400000)
  to   space 11264K, 0% used [0x00000000ff500000,0x00000000ff500000,0x0000000100000000)
 ParOldGen       total 59392K, used 32561K [0x00000000e0000000, 0x00000000e3a00000, 0x00000000f5580000)
  object space 59392K, 54% used [0x00000000e0000000,0x00000000e1fcc7b8,0x00000000e3a00000)
 Metaspace       used 36128K, capacity 38668K, committed 39040K, reserved 1083392K
  class space    used 3839K, capacity 4642K, committed 4736K, reserved 1048576K
}

